<?xml version="1.0" encoding="UTF-8"?>
<coverage generated="1585686568152" clover="3.2.0">
  <project timestamp="1585686568152" name="All files">
    <metrics statements="21" coveredstatements="7" conditionals="2" coveredconditionals="0" methods="8" coveredmethods="2" elements="31" coveredelements="9" complexity="0" loc="21" ncloc="21" packages="1" files="1" classes="1"/>
    <file name="order.jsx" path="/home/cielo/Documentos/Burger-Queen/LIM011-fe-burger-queen/src/components/order.jsx">
      <metrics statements="21" coveredstatements="7" conditionals="2" coveredconditionals="0" methods="8" coveredmethods="2"/>
      <line num="9" count="2" type="stmt"/>
      <line num="10" count="2" type="stmt"/>
      <line num="11" count="2" type="stmt"/>
      <line num="12" count="0" type="stmt"/>
      <line num="21" count="0" type="stmt"/>
      <line num="22" count="0" type="stmt"/>
      <line num="23" count="0" type="stmt"/>
      <line num="25" count="2" type="stmt"/>
      <line num="26" count="0" type="cond" truecount="0" falsecount="2"/>
      <line num="27" count="0" type="stmt"/>
      <line num="30" count="2" type="stmt"/>
      <line num="31" count="0" type="stmt"/>
      <line num="37" count="0" type="stmt"/>
      <line num="42" count="0" type="stmt"/>
      <line num="43" count="0" type="stmt"/>
      <line num="44" count="0" type="stmt"/>
      <line num="46" count="2" type="stmt"/>
      <line num="95" count="0" type="stmt"/>
      <line num="110" count="0" type="stmt"/>
      <line num="111" count="0" type="stmt"/>
      <line num="124" count="1" type="stmt"/>
    </file>
  </project>
</coverage>
