{"/home/cielo/Documentos/Burger-Queen/LIM011-fe-burger-queen/src/components/order.jsx": {"path":"/home/cielo/Documentos/Burger-Queen/LIM011-fe-burger-queen/src/components/order.jsx","statementMap":{"0":{"start":{"line":9,"column":2},"end":{"line":9,"column":21}},"1":{"start":{"line":10,"column":30},"end":{"line":10,"column":42}},"2":{"start":{"line":11,"column":18},"end":{"line":18,"column":4}},"3":{"start":{"line":11,"column":24},"end":{"line":18,"column":4}},"4":{"start":{"line":12,"column":4},"end":{"line":17,"column":6}},"5":{"start":{"line":21,"column":18},"end":{"line":21,"column":36}},"6":{"start":{"line":22,"column":4},"end":{"line":22,"column":23}},"7":{"start":{"line":23,"column":4},"end":{"line":23,"column":21}},"8":{"start":{"line":25,"column":20},"end":{"line":29,"column":3}},"9":{"start":{"line":26,"column":4},"end":{"line":28,"column":5}},"10":{"start":{"line":27,"column":6},"end":{"line":27,"column":43}},"11":{"start":{"line":30,"column":22},"end":{"line":45,"column":3}},"12":{"start":{"line":31,"column":19},"end":{"line":36,"column":5}},"13":{"start":{"line":37,"column":4},"end":{"line":41,"column":9}},"14":{"start":{"line":42,"column":4},"end":{"line":42,"column":24}},"15":{"start":{"line":43,"column":4},"end":{"line":43,"column":18}},"16":{"start":{"line":44,"column":4},"end":{"line":44,"column":12}},"17":{"start":{"line":46,"column":2},"end":{"line":122,"column":4}},"18":{"start":{"line":95,"column":20},"end":{"line":95,"column":43}},"19":{"start":{"line":110,"column":20},"end":{"line":110,"column":43}},"20":{"start":{"line":111,"column":20},"end":{"line":111,"column":38}},"21":{"start":{"line":124,"column":0},"end":{"line":136,"column":2}}},"fnMap":{"0":{"name":"Order","decl":{"start":{"line":6,"column":9},"end":{"line":6,"column":14}},"loc":{"start":{"line":8,"column":3},"end":{"line":123,"column":1}},"line":8},"1":{"name":"(anonymous_1)","decl":{"start":{"line":11,"column":18},"end":{"line":11,"column":19}},"loc":{"start":{"line":11,"column":24},"end":{"line":18,"column":4}},"line":11},"2":{"name":"(anonymous_2)","decl":{"start":{"line":11,"column":33},"end":{"line":11,"column":34}},"loc":{"start":{"line":12,"column":4},"end":{"line":17,"column":6}},"line":12},"3":{"name":"NameClient","decl":{"start":{"line":19,"column":11},"end":{"line":19,"column":21}},"loc":{"start":{"line":19,"column":29},"end":{"line":24,"column":3}},"line":19},"4":{"name":"(anonymous_4)","decl":{"start":{"line":25,"column":20},"end":{"line":25,"column":21}},"loc":{"start":{"line":25,"column":26},"end":{"line":29,"column":3}},"line":25},"5":{"name":"(anonymous_5)","decl":{"start":{"line":30,"column":22},"end":{"line":30,"column":23}},"loc":{"start":{"line":30,"column":31},"end":{"line":45,"column":3}},"line":30},"6":{"name":"(anonymous_6)","decl":{"start":{"line":94,"column":27},"end":{"line":94,"column":28}},"loc":{"start":{"line":94,"column":38},"end":{"line":96,"column":19}},"line":94},"7":{"name":"(anonymous_7)","decl":{"start":{"line":109,"column":27},"end":{"line":109,"column":28}},"loc":{"start":{"line":109,"column":38},"end":{"line":112,"column":19}},"line":109}},"branchMap":{"0":{"loc":{"start":{"line":26,"column":4},"end":{"line":28,"column":5}},"type":"if","locations":[{"start":{"line":26,"column":4},"end":{"line":28,"column":5}},{"start":{"line":26,"column":4},"end":{"line":28,"column":5}}],"line":26}},"s":{"0":2,"1":2,"2":2,"3":2,"4":0,"5":0,"6":0,"7":0,"8":2,"9":0,"10":0,"11":2,"12":0,"13":0,"14":0,"15":0,"16":0,"17":2,"18":0,"19":0,"20":0,"21":1},"f":{"0":2,"1":2,"2":0,"3":0,"4":0,"5":0,"6":0,"7":0},"b":{"0":[0,0]},"_coverageSchema":"43e27e138ebf9cfc5966b082cf9a028302ed4184","hash":"9bd25b1d31dbfd2a7c8cd62377d620dadac436ca"}
}
