TN:
SF:/home/cielo/Documentos/Burger-Queen/LIM011-fe-burger-queen/src/components/order.jsx
FN:6,Order
FN:11,(anonymous_1)
FN:11,(anonymous_2)
FN:19,NameClient
FN:25,(anonymous_4)
FN:30,(anonymous_5)
FN:94,(anonymous_6)
FN:109,(anonymous_7)
FNF:8
FNH:2
FNDA:2,Order
FNDA:2,(anonymous_1)
FNDA:0,(anonymous_2)
FNDA:0,NameClient
FNDA:0,(anonymous_4)
FNDA:0,(anonymous_5)
FNDA:0,(anonymous_6)
FNDA:0,(anonymous_7)
DA:9,2
DA:10,2
DA:11,2
DA:12,0
DA:21,0
DA:22,0
DA:23,0
DA:25,2
DA:26,0
DA:27,0
DA:30,2
DA:31,0
DA:37,0
DA:42,0
DA:43,0
DA:44,0
DA:46,2
DA:95,0
DA:110,0
DA:111,0
DA:124,1
LF:21
LH:7
BRDA:26,0,0,0
BRDA:26,0,1,0
BRF:2
BRH:0
end_of_record
